<?xml version="1.0" encoding="UTF-8"?>
<!-- Generated by org.testng.reporters.JUnitXMLReporter -->
<testsuite ignored="4" hostname="DESKTOP-QLMVHUQ" failures="0" tests="2" name="Default test" time="97.04" errors="0" timestamp="2022-04-14T20:19:21 GMT-11:00">
  <testcase classname="Testcases.DsahPageTest" name="buyShareTest" time="45.515"/>
  <testcase classname="Testcases.DsahPageTest" name="validateOrderIconTest" time="2.686"/>
  <testcase classname="Testcases.DsahPageTest" name="validateuserFullnameTest" time="0.0">
    <ignored/>
  </testcase> <!-- validateuserFullnameTest -->
  <testcase classname="Testcases.DsahPageTest" name="valiateusernameBoxTest" time="0.0">
    <ignored/>
  </testcase> <!-- valiateusernameBoxTest -->
  <testcase classname="Testcases.DsahPageTest" name="validateuserEmailTest" time="0.0">
    <ignored/>
  </testcase> <!-- validateuserEmailTest -->
  <testcase classname="Testcases.DsahPageTest" name="validatenickNameTest" time="0.0">
    <ignored/>
  </testcase> <!-- validatenickNameTest -->
</testsuite> <!-- Default test -->
